[2025-06-19T02:52:07.844-0400] {local_task_job_runner.py:123} INFO - ::group::Pre task execution logs
[2025-06-19T02:52:07.862-0400] {taskinstance.py:2613} INFO - Dependencies all met for dep_context=non-requeueable deps ti=<TaskInstance: covid_data_pipeline.upload_to_s3 manual__2025-06-19T06:52:00.650756+00:00 [queued]>
[2025-06-19T02:52:07.868-0400] {taskinstance.py:2613} INFO - Dependencies all met for dep_context=requeueable deps ti=<TaskInstance: covid_data_pipeline.upload_to_s3 manual__2025-06-19T06:52:00.650756+00:00 [queued]>
[2025-06-19T02:52:07.869-0400] {taskinstance.py:2866} INFO - Starting attempt 2 of 2
[2025-06-19T02:52:07.881-0400] {taskinstance.py:2889} INFO - Executing <Task(BashOperator): upload_to_s3> on 2025-06-19 06:52:00.650756+00:00
[2025-06-19T02:52:07.888-0400] {standard_task_runner.py:72} INFO - Started process 13544 to run task
[2025-06-19T02:52:07.895-0400] {standard_task_runner.py:104} INFO - Running: ['airflow', 'tasks', 'run', 'covid_data_pipeline', 'upload_to_s3', 'manual__2025-06-19T06:52:00.650756+00:00', '--job-id', '18', '--raw', '--subdir', 'DAGS_FOLDER/covid_pipeline_dag.py', '--cfg-path', '/tmp/tmp2rmwklf6']
[2025-06-19T02:52:07.896-0400] {standard_task_runner.py:105} INFO - Job 18: Subtask upload_to_s3
[2025-06-19T02:52:07.952-0400] {task_command.py:467} INFO - Running <TaskInstance: covid_data_pipeline.upload_to_s3 manual__2025-06-19T06:52:00.650756+00:00 [running]> on host manasajagati.localdomain
[2025-06-19T02:52:08.020-0400] {taskinstance.py:3132} INFO - Exporting env vars: AIRFLOW_CTX_DAG_OWNER='manasa' AIRFLOW_CTX_DAG_ID='covid_data_pipeline' AIRFLOW_CTX_TASK_ID='upload_to_s3' AIRFLOW_CTX_EXECUTION_DATE='2025-06-19T06:52:00.650756+00:00' AIRFLOW_CTX_TRY_NUMBER='2' AIRFLOW_CTX_DAG_RUN_ID='manual__2025-06-19T06:52:00.650756+00:00'
[2025-06-19T02:52:08.021-0400] {logging_mixin.py:190} INFO - Task instance is in running state
[2025-06-19T02:52:08.022-0400] {logging_mixin.py:190} INFO -  Previous state of the Task instance: queued
[2025-06-19T02:52:08.022-0400] {logging_mixin.py:190} INFO - Current task name:upload_to_s3 state:running start_date:2025-06-19 06:52:07.863248+00:00
[2025-06-19T02:52:08.022-0400] {logging_mixin.py:190} INFO - Dag name:covid_data_pipeline and current dag run status:running
[2025-06-19T02:52:08.022-0400] {taskinstance.py:731} INFO - ::endgroup::
[2025-06-19T02:52:08.024-0400] {subprocess.py:78} INFO - Tmp dir root location: /tmp
[2025-06-19T02:52:08.025-0400] {subprocess.py:88} INFO - Running command: ['/usr/bin/bash', '-c', 'python3 ~/covid_data_pipeline/scripts/upload_to_s3.py']
[2025-06-19T02:52:08.032-0400] {subprocess.py:99} INFO - Output:
[2025-06-19T02:52:08.475-0400] {local_task_job_runner.py:123} INFO - ::group::Pre task execution logs
[2025-06-19T02:52:08.482-0400] {taskinstance.py:2603} INFO - Dependencies not met for <TaskInstance: covid_data_pipeline.upload_to_s3 manual__2025-06-19T06:52:00.650756+00:00 [running]>, dependency 'Task Instance Not Running' FAILED: Task is in the running state
[2025-06-19T02:52:08.483-0400] {taskinstance.py:2603} INFO - Dependencies not met for <TaskInstance: covid_data_pipeline.upload_to_s3 manual__2025-06-19T06:52:00.650756+00:00 [running]>, dependency 'Task Instance State' FAILED: Task is in the 'running' state.
[2025-06-19T02:52:08.483-0400] {local_task_job_runner.py:166} INFO - Task is not able to be run
[2025-06-19T02:52:10.389-0400] {subprocess.py:106} INFO - Failed to upload to S3: expected string or bytes-like object
[2025-06-19T02:52:10.451-0400] {subprocess.py:110} INFO - Command exited with return code 0
[2025-06-19T02:52:10.476-0400] {taskinstance.py:340} INFO - ::group::Post task execution logs
[2025-06-19T02:52:10.477-0400] {taskinstance.py:352} INFO - Marking task as SUCCESS. dag_id=covid_data_pipeline, task_id=upload_to_s3, run_id=manual__2025-06-19T06:52:00.650756+00:00, execution_date=20250619T065200, start_date=20250619T065207, end_date=20250619T065210
[2025-06-19T02:52:10.495-0400] {logging_mixin.py:190} INFO - Task instance in success state
[2025-06-19T02:52:10.496-0400] {logging_mixin.py:190} INFO -  Previous state of the Task instance: running
[2025-06-19T02:52:10.496-0400] {logging_mixin.py:190} INFO - Dag name:covid_data_pipeline queued_at:2025-06-19 06:52:00.682372+00:00
[2025-06-19T02:52:10.496-0400] {logging_mixin.py:190} INFO - Task hostname:manasajagati.localdomain operator:BashOperator
[2025-06-19T02:52:10.542-0400] {local_task_job_runner.py:266} INFO - Task exited with return code 0
[2025-06-19T02:52:10.567-0400] {taskinstance.py:3895} INFO - 0 downstream tasks scheduled from follow-on schedule check
[2025-06-19T02:52:10.568-0400] {local_task_job_runner.py:245} INFO - ::endgroup::
