[2025-06-19T02:58:53.676-0400] {local_task_job_runner.py:123} INFO - ::group::Pre task execution logs
[2025-06-19T02:58:53.686-0400] {taskinstance.py:2613} INFO - Dependencies all met for dep_context=non-requeueable deps ti=<TaskInstance: covid_data_pipeline.upload_to_s3 manual__2025-06-19T06:58:46.890249+00:00 [queued]>
[2025-06-19T02:58:53.690-0400] {taskinstance.py:2613} INFO - Dependencies all met for dep_context=requeueable deps ti=<TaskInstance: covid_data_pipeline.upload_to_s3 manual__2025-06-19T06:58:46.890249+00:00 [queued]>
[2025-06-19T02:58:53.690-0400] {taskinstance.py:2866} INFO - Starting attempt 1 of 2
[2025-06-19T02:58:53.701-0400] {taskinstance.py:2889} INFO - Executing <Task(BashOperator): upload_to_s3> on 2025-06-19 06:58:46.890249+00:00
[2025-06-19T02:58:53.705-0400] {standard_task_runner.py:72} INFO - Started process 14779 to run task
[2025-06-19T02:58:53.709-0400] {standard_task_runner.py:104} INFO - Running: ['airflow', 'tasks', 'run', 'covid_data_pipeline', 'upload_to_s3', 'manual__2025-06-19T06:58:46.890249+00:00', '--job-id', '23', '--raw', '--subdir', 'DAGS_FOLDER/covid_pipeline_dag.py', '--cfg-path', '/tmp/tmpx4_26j3t']
[2025-06-19T02:58:53.710-0400] {standard_task_runner.py:105} INFO - Job 23: Subtask upload_to_s3
[2025-06-19T02:58:53.755-0400] {task_command.py:467} INFO - Running <TaskInstance: covid_data_pipeline.upload_to_s3 manual__2025-06-19T06:58:46.890249+00:00 [running]> on host manasajagati.localdomain
[2025-06-19T02:58:53.819-0400] {taskinstance.py:3132} INFO - Exporting env vars: AIRFLOW_CTX_DAG_OWNER='manasa' AIRFLOW_CTX_DAG_ID='covid_data_pipeline' AIRFLOW_CTX_TASK_ID='upload_to_s3' AIRFLOW_CTX_EXECUTION_DATE='2025-06-19T06:58:46.890249+00:00' AIRFLOW_CTX_TRY_NUMBER='1' AIRFLOW_CTX_DAG_RUN_ID='manual__2025-06-19T06:58:46.890249+00:00'
[2025-06-19T02:58:53.820-0400] {logging_mixin.py:190} INFO - Task instance is in running state
[2025-06-19T02:58:53.821-0400] {logging_mixin.py:190} INFO -  Previous state of the Task instance: queued
[2025-06-19T02:58:53.821-0400] {logging_mixin.py:190} INFO - Current task name:upload_to_s3 state:running start_date:2025-06-19 06:58:53.686470+00:00
[2025-06-19T02:58:53.821-0400] {logging_mixin.py:190} INFO - Dag name:covid_data_pipeline and current dag run status:running
[2025-06-19T02:58:53.821-0400] {taskinstance.py:731} INFO - ::endgroup::
[2025-06-19T02:58:53.825-0400] {subprocess.py:78} INFO - Tmp dir root location: /tmp
[2025-06-19T02:58:53.825-0400] {subprocess.py:88} INFO - Running command: ['/usr/bin/bash', '-c', 'python3 ~/covid_data_pipeline/scripts/upload_to_s3.py']
[2025-06-19T02:58:53.833-0400] {subprocess.py:99} INFO - Output:
[2025-06-19T02:58:56.236-0400] {subprocess.py:106} INFO - Failed to upload to S3: expected string or bytes-like object
[2025-06-19T02:58:56.353-0400] {subprocess.py:110} INFO - Command exited with return code 0
[2025-06-19T02:58:56.397-0400] {taskinstance.py:340} INFO - ::group::Post task execution logs
[2025-06-19T02:58:56.398-0400] {taskinstance.py:352} INFO - Marking task as SUCCESS. dag_id=covid_data_pipeline, task_id=upload_to_s3, run_id=manual__2025-06-19T06:58:46.890249+00:00, execution_date=20250619T065846, start_date=20250619T065853, end_date=20250619T065856
[2025-06-19T02:58:56.424-0400] {logging_mixin.py:190} INFO - Task instance in success state
[2025-06-19T02:58:56.425-0400] {logging_mixin.py:190} INFO -  Previous state of the Task instance: running
[2025-06-19T02:58:56.425-0400] {logging_mixin.py:190} INFO - Dag name:covid_data_pipeline queued_at:2025-06-19 06:58:46.905169+00:00
[2025-06-19T02:58:56.425-0400] {logging_mixin.py:190} INFO - Task hostname:manasajagati.localdomain operator:BashOperator
[2025-06-19T02:58:56.469-0400] {local_task_job_runner.py:266} INFO - Task exited with return code 0
[2025-06-19T02:58:56.497-0400] {taskinstance.py:3895} INFO - 1 downstream tasks scheduled from follow-on schedule check
[2025-06-19T02:58:56.508-0400] {local_task_job_runner.py:245} INFO - ::endgroup::
