[2025-06-19T02:58:59.955-0400] {local_task_job_runner.py:123} INFO - ::group::Pre task execution logs
[2025-06-19T02:58:59.966-0400] {taskinstance.py:2613} INFO - Dependencies all met for dep_context=non-requeueable deps ti=<TaskInstance: covid_data_pipeline.load_to_snowflake manual__2025-06-19T06:58:46.890249+00:00 [queued]>
[2025-06-19T02:58:59.975-0400] {taskinstance.py:2613} INFO - Dependencies all met for dep_context=requeueable deps ti=<TaskInstance: covid_data_pipeline.load_to_snowflake manual__2025-06-19T06:58:46.890249+00:00 [queued]>
[2025-06-19T02:58:59.976-0400] {taskinstance.py:2866} INFO - Starting attempt 1 of 2
[2025-06-19T02:58:59.994-0400] {taskinstance.py:2889} INFO - Executing <Task(BashOperator): load_to_snowflake> on 2025-06-19 06:58:46.890249+00:00
[2025-06-19T02:58:59.999-0400] {standard_task_runner.py:72} INFO - Started process 14803 to run task
[2025-06-19T02:59:00.004-0400] {standard_task_runner.py:104} INFO - Running: ['airflow', 'tasks', 'run', 'covid_data_pipeline', 'load_to_snowflake', 'manual__2025-06-19T06:58:46.890249+00:00', '--job-id', '24', '--raw', '--subdir', 'DAGS_FOLDER/covid_pipeline_dag.py', '--cfg-path', '/tmp/tmpyq8a65l4']
[2025-06-19T02:59:00.005-0400] {standard_task_runner.py:105} INFO - Job 24: Subtask load_to_snowflake
[2025-06-19T02:59:00.056-0400] {task_command.py:467} INFO - Running <TaskInstance: covid_data_pipeline.load_to_snowflake manual__2025-06-19T06:58:46.890249+00:00 [running]> on host manasajagati.localdomain
[2025-06-19T02:59:00.119-0400] {taskinstance.py:3132} INFO - Exporting env vars: AIRFLOW_CTX_DAG_OWNER='manasa' AIRFLOW_CTX_DAG_ID='covid_data_pipeline' AIRFLOW_CTX_TASK_ID='load_to_snowflake' AIRFLOW_CTX_EXECUTION_DATE='2025-06-19T06:58:46.890249+00:00' AIRFLOW_CTX_TRY_NUMBER='1' AIRFLOW_CTX_DAG_RUN_ID='manual__2025-06-19T06:58:46.890249+00:00'
[2025-06-19T02:59:00.121-0400] {logging_mixin.py:190} INFO - Task instance is in running state
[2025-06-19T02:59:00.121-0400] {logging_mixin.py:190} INFO -  Previous state of the Task instance: queued
[2025-06-19T02:59:00.121-0400] {logging_mixin.py:190} INFO - Current task name:load_to_snowflake state:running start_date:2025-06-19 06:58:59.967001+00:00
[2025-06-19T02:59:00.121-0400] {logging_mixin.py:190} INFO - Dag name:covid_data_pipeline and current dag run status:running
[2025-06-19T02:59:00.122-0400] {taskinstance.py:731} INFO - ::endgroup::
[2025-06-19T02:59:00.122-0400] {subprocess.py:78} INFO - Tmp dir root location: /tmp
[2025-06-19T02:59:00.123-0400] {subprocess.py:88} INFO - Running command: ['/usr/bin/bash', '-c', 'python3 ~/covid_data_pipeline/scripts/load_to_snowflake.py']
[2025-06-19T02:59:00.134-0400] {subprocess.py:99} INFO - Output:
[2025-06-19T02:59:00.896-0400] {subprocess.py:110} INFO - Command exited with return code 0
[2025-06-19T02:59:00.916-0400] {taskinstance.py:340} INFO - ::group::Post task execution logs
[2025-06-19T02:59:00.916-0400] {taskinstance.py:352} INFO - Marking task as SUCCESS. dag_id=covid_data_pipeline, task_id=load_to_snowflake, run_id=manual__2025-06-19T06:58:46.890249+00:00, execution_date=20250619T065846, start_date=20250619T065859, end_date=20250619T065900
[2025-06-19T02:59:00.928-0400] {logging_mixin.py:190} INFO - Task instance in success state
[2025-06-19T02:59:00.929-0400] {logging_mixin.py:190} INFO -  Previous state of the Task instance: running
[2025-06-19T02:59:00.930-0400] {logging_mixin.py:190} INFO - Dag name:covid_data_pipeline queued_at:2025-06-19 06:58:46.905169+00:00
[2025-06-19T02:59:00.931-0400] {logging_mixin.py:190} INFO - Task hostname:manasajagati.localdomain operator:BashOperator
[2025-06-19T02:59:00.937-0400] {local_task_job_runner.py:266} INFO - Task exited with return code 0
[2025-06-19T02:59:00.950-0400] {taskinstance.py:3895} INFO - 0 downstream tasks scheduled from follow-on schedule check
[2025-06-19T02:59:00.950-0400] {local_task_job_runner.py:245} INFO - ::endgroup::
